\BOOKMARK [1][-]{section*.3}{\376\377\000\111\000\156\000\164\000\162\000\157\000\144\000\165\000\143\000\164\000\151\000\157\000\156}{}% 1
\BOOKMARK [1][-]{section*.4}{\376\377\000\122\000\145\000\154\000\141\000\164\000\145\000\144\000\040\000\127\000\157\000\162\000\153}{}% 2
\BOOKMARK [1][-]{section*.5}{\376\377\000\101\000\160\000\160\000\162\000\157\000\141\000\143\000\150\000\040\000\117\000\166\000\145\000\162\000\166\000\151\000\145\000\167}{}% 3
\BOOKMARK [2][-]{section*.6}{\376\377\000\104\000\145\000\163\000\151\000\147\000\156\000\040\000\103\000\157\000\156\000\143\000\145\000\162\000\156\000\163}{section*.5}% 4
\BOOKMARK [2][-]{section*.7}{\376\377\000\106\000\162\000\141\000\155\000\145\000\167\000\157\000\162\000\153\000\040\000\157\000\146\000\040\000\117\000\165\000\162\000\040\000\101\000\160\000\160\000\162\000\157\000\141\000\143\000\150}{section*.5}% 5
\BOOKMARK [1][-]{section*.8}{\376\377\000\122\000\141\000\167\000\040\000\123\000\145\000\147\000\155\000\145\000\156\000\164\000\141\000\164\000\151\000\157\000\156\000\040\000\167\000\151\000\164\000\150\000\040\000\114\000\104\000\101}{}% 6
\BOOKMARK [2][-]{section*.9}{\376\377\000\124\000\157\000\160\000\151\000\143\000\040\000\115\000\157\000\144\000\145\000\154\000\040\000\167\000\151\000\164\000\150\000\040\000\114\000\104\000\101}{section*.8}% 7
\BOOKMARK [2][-]{section*.10}{\376\377\000\107\000\145\000\156\000\145\000\162\000\141\000\164\000\151\000\156\000\147\000\040\000\115\000\157\000\164\000\151\000\157\000\156\000\055\000\104\000\157\000\143\000\165\000\155\000\145\000\156\000\164}{section*.8}% 8
\BOOKMARK [2][-]{section*.11}{\376\377\000\123\000\145\000\147\000\155\000\145\000\156\000\164\000\141\000\164\000\151\000\157\000\156\000\040\000\157\000\146\000\040\000\101\000\143\000\143\000\145\000\154\000\145\000\162\000\141\000\164\000\151\000\157\000\156\000\040\000\123\000\164\000\162\000\145\000\141\000\155\000\040\000\142\000\141\000\163\000\145\000\144\000\040\000\157\000\156\000\040\000\114\000\104\000\101}{section*.8}% 9
\BOOKMARK [1][-]{section*.12}{\376\377\000\114\000\145\000\141\000\162\000\156\000\151\000\156\000\147\000\040\000\141\000\040\000\103\000\154\000\141\000\163\000\163\000\151\000\146\000\151\000\145\000\162}{}% 10
\BOOKMARK [2][-]{section*.13}{\376\377\000\124\000\162\000\141\000\151\000\156\000\151\000\156\000\147\000\040\000\123\000\141\000\155\000\160\000\154\000\145\000\163}{section*.12}% 11
\BOOKMARK [2][-]{section*.14}{\376\377\000\114\000\145\000\141\000\162\000\156\000\040\000\141\000\040\000\103\000\154\000\141\000\163\000\163\000\151\000\146\000\151\000\145\000\162\000\040\000\167\000\151\000\164\000\150\000\040\000\123\000\145\000\155\000\151\000\055\000\123\000\165\000\160\000\145\000\162\000\166\000\151\000\163\000\145\000\144\000\040\000\114\000\145\000\141\000\162\000\156\000\151\000\156\000\147}{section*.12}% 12
\BOOKMARK [1][-]{section*.15}{\376\377\000\105\000\170\000\160\000\145\000\162\000\151\000\155\000\145\000\156\000\164\000\163}{}% 13
\BOOKMARK [2][-]{section*.16}{\376\377\000\104\000\141\000\164\000\141\000\163\000\145\000\164\000\163}{section*.15}% 14
\BOOKMARK [3][-]{section*.17}{\376\377\000\125\000\142\000\151\000\143\000\157\000\155\000\160\000\040\000\104\000\141\000\164\000\141\000\163\000\145\000\164}{section*.16}% 15
\BOOKMARK [3][-]{section*.18}{\376\377\000\120\000\101\000\115\000\101\000\120\000\040\000\104\000\141\000\164\000\141\000\163\000\145\000\164}{section*.16}% 16
\BOOKMARK [2][-]{section*.19}{\376\377\000\104\000\151\000\163\000\143\000\165\000\163\000\163\000\151\000\157\000\156\000\040\000\157\000\156\000\040\000\114\000\104\000\101\000\055\000\142\000\141\000\163\000\145\000\144\000\040\000\123\000\145\000\147\000\155\000\145\000\156\000\164\000\141\000\164\000\151\000\157\000\156}{section*.15}% 17
\BOOKMARK [2][-]{section*.20}{\376\377\000\101\000\104\000\114\000\040\000\104\000\151\000\163\000\143\000\157\000\166\000\145\000\162\000\171}{section*.15}% 18
\BOOKMARK [2][-]{section*.21}{\376\377\000\116\000\145\000\167\000\040\000\120\000\141\000\164\000\164\000\145\000\162\000\156\000\163\000\040\000\104\000\151\000\163\000\143\000\157\000\166\000\145\000\162\000\171\000\040\000\157\000\156\000\040\000\116\000\145\000\167\000\040\000\104\000\141\000\164\000\141}{section*.15}% 19
\BOOKMARK [2][-]{section*.22}{\376\377\000\122\000\145\000\143\000\157\000\147\000\156\000\151\000\172\000\145\000\040\000\101\000\104\000\114\000\163}{section*.15}% 20
\BOOKMARK [1][-]{section*.23}{\376\377\000\103\000\157\000\156\000\143\000\154\000\165\000\163\000\151\000\157\000\156\000\040\000\141\000\156\000\144\000\040\000\106\000\165\000\164\000\165\000\162\000\145\000\040\000\127\000\157\000\162\000\153}{}% 21
\BOOKMARK [1][-]{section*.24}{\376\377\000\122\000\105\000\106\000\105\000\122\000\105\000\116\000\103\000\105\000\123\000\040}{}% 22
