This is pdfTeX, Version 3.1415926-1.40.11 (MiKTeX 2.9) (preloaded format=pdflatex 2014.6.2)  29 JUL 2014 20:46
entering extended mode
**D:/machine*learning/thesis/mining_frequent_adl_patterns/sample.tex
("D:/machine learning/thesis/mining_frequent_adl_patterns/sample.tex"
LaTeX2e <2009/09/24>
Babel <v3.8l> and hyphenation patterns for loaded.
("D:\machine learning\thesis\mining_frequent_adl_patterns\sigchi.cls"
(D:\Appliacation\Utility\CTEX\MiKTeX\tex\latex\graphics\epsfig.sty
Package: epsfig 1999/02/16 v1.7a (e)psfig emulation (SPQR)

(D:\Appliacation\Utility\CTEX\MiKTeX\tex\latex\graphics\graphicx.sty
Package: graphicx 1999/02/16 v1.0f Enhanced LaTeX Graphics (DPC,SPQR)

(D:\Appliacation\Utility\CTEX\MiKTeX\tex\latex\graphics\keyval.sty
Package: keyval 1999/03/16 v1.13 key=value parser (DPC)
\KV@toks@=\toks14
)
(D:\Appliacation\Utility\CTEX\MiKTeX\tex\latex\graphics\graphics.sty
Package: graphics 2009/02/05 v1.0o Standard LaTeX Graphics (DPC,SPQR)

(D:\Appliacation\Utility\CTEX\MiKTeX\tex\latex\graphics\trig.sty
Package: trig 1999/03/16 v1.09 sin cos tan (DPC)
)
(D:\Appliacation\Utility\CTEX\MiKTeX\tex\latex\00miktex\graphics.cfg
File: graphics.cfg 2007/01/18 v1.5 graphics configuration of teTeX/TeXLive
)
Package graphics Info: Driver file: pdftex.def on input line 91.

(D:\Appliacation\Utility\CTEX\MiKTeX\tex\latex\pdftex-def\pdftex.def
File: pdftex.def 2010/11/26 v0.05c Graphics/color for pdfTeX
\Gread@gobject=\count79
))
\Gin@req@height=\dimen102
\Gin@req@width=\dimen103
)
\epsfxsize=\dimen104
\epsfysize=\dimen105
)
(D:\Appliacation\Utility\CTEX\MiKTeX\tex\latex\amsfonts\amssymb.sty
Package: amssymb 2009/06/22 v3.00

(D:\Appliacation\Utility\CTEX\MiKTeX\tex\latex\amsfonts\amsfonts.sty
Package: amsfonts 2009/06/22 v3.00 Basic AMSFonts support
\@emptytoks=\toks15
\symAMSa=\mathgroup4
\symAMSb=\mathgroup5
LaTeX Font Info:    Overwriting math alphabet `\mathfrak' in version `bold'
(Font)                  U/euf/m/n --> U/euf/b/n on input line 96.
))
(D:\Appliacation\Utility\CTEX\MiKTeX\tex\latex\ams\math\amsmath.sty
Package: amsmath 2000/07/18 v2.13 AMS math features
\@mathmargin=\skip41

For additional information on amsmath, use the `?' option.
(D:\Appliacation\Utility\CTEX\MiKTeX\tex\latex\ams\math\amstext.sty
Package: amstext 2000/06/29 v2.01

(D:\Appliacation\Utility\CTEX\MiKTeX\tex\latex\ams\math\amsgen.sty
File: amsgen.sty 1999/11/30 v2.0
\@emptytoks=\toks16
\ex@=\dimen106
))
(D:\Appliacation\Utility\CTEX\MiKTeX\tex\latex\ams\math\amsbsy.sty
Package: amsbsy 1999/11/29 v1.2d
\pmbraise@=\dimen107
)
(D:\Appliacation\Utility\CTEX\MiKTeX\tex\latex\ams\math\amsopn.sty
Package: amsopn 1999/12/14 v2.01 operator names
)
\inf@bad=\count80
LaTeX Info: Redefining \frac on input line 211.
\uproot@=\count81
\leftroot@=\count82
LaTeX Info: Redefining \overline on input line 307.
\classnum@=\count83
\DOTSCASE@=\count84
LaTeX Info: Redefining \ldots on input line 379.
LaTeX Info: Redefining \dots on input line 382.
LaTeX Info: Redefining \cdots on input line 467.
\Mathstrutbox@=\box26
\strutbox@=\box27
\big@size=\dimen108
LaTeX Font Info:    Redeclaring font encoding OML on input line 567.
LaTeX Font Info:    Redeclaring font encoding OMS on input line 568.
\macc@depth=\count85
\c@MaxMatrixCols=\count86
\dotsspace@=\muskip10
\c@parentequation=\count87
\dspbrk@lvl=\count88
\tag@help=\toks17
\row@=\count89
\column@=\count90
\maxfields@=\count91
\andhelp@=\toks18
\eqnshift@=\dimen109
\alignsep@=\dimen110
\tagshift@=\dimen111
\tagwidth@=\dimen112
\totwidth@=\dimen113
\lineht@=\dimen114
\@envbody=\toks19
\multlinegap=\skip42
\multlinetaggap=\skip43
\mathdisplay@stack=\toks20
LaTeX Info: Redefining \[ on input line 2666.
LaTeX Info: Redefining \] on input line 2667.
)
Document Class sigchi' <Oct 19, 2011>. Updated for chi 2012 based on chi2012.cl
s by William Hudson and Jean-Daniel Fekete.
Document Class `chi2011' <October 19, 2010>. Tweaked by Manas Tungare.
Shamelessly copied from
`chiproceedings' <7th Sep. '00>. Modified by Jan O. Borchers
`acm_proc_article-sp' <2nd. October '02>. Modified by G.K.M. Tobin
`acmconf' <22 May 89>. Hacked 4/91 by shivers@cs.cmu.edu, 4/93 by theobald@cs.m
cgill.ca
Excerpts were taken from (Journal Style) 'esub2acm.cls'.
\footheight=\dimen115
\@maxsep=\dimen116
\@dblmaxsep=\dimen117
\aucount=\count92
\originalaucount=\count93
\auwidth=\dimen118
\auskip=\dimen119
\auskipcount=\count94
\auskip=\dimen120
\allauboxes=\dimen121
\addauthors=\toks21
\subtitletext=\toks22
\savesection=\count95
\sectioncntr=\count96
\c@figure=\count97
\c@table=\count98
\teaserspace=\skip44
\titleboxnotes=\toks23
\titleboxnoteflag=\count99

LaTeX Warning: You have requested document class `sigchi',
               but the document class provides `chi2012'.

Document Class: chi2012 2011/06/06 - V0.16
(D:\Appliacation\Utility\CTEX\MiKTeX\tex\latex\base\latexsym.sty
Package: latexsym 1998/08/17 v2.2e Standard LaTeX package (lasy symbols)
\symlasy=\mathgroup6
LaTeX Font Info:    Overwriting symbol font `lasy' in version `bold'
(Font)                  U/lasy/m/n --> U/lasy/b/n on input line 47.
)
\titlenotecount=\count100
\tntoks=\toks24
\tntokstwo=\toks25
\tntoksthree=\toks26
\tntoksfour=\toks27
\tntoksfive=\toks28
\catcount=\count101
\copyrightnotice=\toks29
\c@copyrightbox=\count102
\conf=\toks30
\confinfo=\toks31
\c@part=\count103
\c@section=\count104
\c@subsection=\count105
\c@subsubsection=\count106
\c@paragraph=\count107

Using 'Abbrev' bibliography style
\bibindent=\dimen122
\bibsep=\skip45
\colcntr=\count108
\savebox=\box28
\copyrtyr=\toks32
\acmcopyr=\toks33
\boilerplate=\toks34
\copyrightetc=\toks35
) (D:\Appliacation\Utility\CTEX\UserData\tex\latex\preprint\balance.sty
Package: balance 1999/02/23 4.3 (PWD)
\oldvsize=\dimen123
)
(D:\Appliacation\Utility\CTEX\MiKTeX\tex\latex\psnfss\times.sty
Package: times 2005/04/12 PSNFSS-v9.2a (SPQR) 
)
(D:\Appliacation\Utility\CTEX\MiKTeX\tex\latex\ltxmisc\url.sty
\Urlmuskip=\muskip11
Package: url 2006/04/12  ver 3.3  Verb mode for urls, etc.
)
(D:\Appliacation\Utility\CTEX\MiKTeX\tex\latex\tools\verbatim.sty
Package: verbatim 2003/08/22 v1.5q LaTeX2e package for verbatim enhancements
\every@verbatim=\toks36
\verbatim@line=\toks37
\verbatim@in@stream=\read1
)
(D:\Appliacation\Utility\CTEX\UserData\tex\latex\booktabs\booktabs.sty
Package: booktabs 2005/04/14 v1.61803 publication quality tables
\heavyrulewidth=\dimen124
\lightrulewidth=\dimen125
\cmidrulewidth=\dimen126
\belowrulesep=\dimen127
\belowbottomsep=\dimen128
\aboverulesep=\dimen129
\abovetopsep=\dimen130
\cmidrulesep=\dimen131
\cmidrulekern=\dimen132
\defaultaddspace=\dimen133
\@cmidla=\count109
\@cmidlb=\count110
\@aboverulesep=\dimen134
\@belowrulesep=\dimen135
\@thisruleclass=\count111
\@lastruleclass=\count112
\@thisrulewidth=\dimen136
)
(D:\Appliacation\Utility\CTEX\MiKTeX\tex\latex\tools\multicol.sty
Package: multicol 2008/12/05 v1.6h multicolumn formatting (FMi)
\c@tracingmulticols=\count113
\mult@box=\box29
\multicol@leftmargin=\dimen137
\c@unbalance=\count114
\c@collectmore=\count115
\doublecol@number=\count116
\multicoltolerance=\count117
\multicolpretolerance=\count118
\full@width=\dimen138
\page@free=\dimen139
\premulticols=\dimen140
\postmulticols=\dimen141
\multicolsep=\skip46
\multicolbaselineskip=\skip47
\partial@page=\box30
\last@line=\box31
\mult@rightbox=\box32
\mult@grightbox=\box33
\mult@gfirstbox=\box34
\mult@firstbox=\box35
\@tempa=\box36
\@tempa=\box37
\@tempa=\box38
\@tempa=\box39
\@tempa=\box40
\@tempa=\box41
\@tempa=\box42
\@tempa=\box43
\@tempa=\box44
\@tempa=\box45
\@tempa=\box46
\@tempa=\box47
\@tempa=\box48
\@tempa=\box49
\@tempa=\box50
\@tempa=\box51
\@tempa=\box52
\c@columnbadness=\count119
\c@finalcolumnbadness=\count120
\last@try=\dimen142
\multicolovershoot=\dimen143
\multicolundershoot=\dimen144
\mult@nat@firstbox=\box53
\colbreak@box=\box54
)
(D:\Appliacation\Utility\CTEX\MiKTeX\tex\latex\multirow\multirow.sty
\bigstrutjot=\dimen145
)
(D:\Appliacation\Utility\CTEX\UserData\tex\latex\subfigure\subfigure.sty
Package: subfigure 2002/07/30 v2.1.4 subfigure package
\subfigtopskip=\skip48
\subfigcapskip=\skip49
\subfigcaptopadj=\dimen146
\subfigbottomskip=\skip50
\subfigcapmargin=\dimen147
\subfiglabelskip=\skip51
\c@subfigure=\count121
\c@lofdepth=\count122
\c@subtable=\count123
\c@lotdepth=\count124

****************************************
* Local config file subfigure.cfg used *
****************************************
(D:\Appliacation\Utility\CTEX\UserData\tex\latex\subfigure\subfigure.cfg)
\subfig@top=\skip52
\subfig@bottom=\skip53
)
(D:\Appliacation\Utility\CTEX\MiKTeX\tex\latex\hyperref\hyperref.sty
Package: hyperref 2010/11/26 v6.81v Hypertext links for LaTeX

(D:\Appliacation\Utility\CTEX\MiKTeX\tex\generic\oberdiek\ltxcmds.sty
Package: ltxcmds 2010/04/26 v1.7 LaTeX kernel commands for general use (HO)
)
(D:\Appliacation\Utility\CTEX\MiKTeX\tex\generic\oberdiek\ifpdf.sty
Package: ifpdf 2010/01/28 v2.1 Provides the ifpdf switch (HO)
Package ifpdf Info: pdfTeX in pdf mode detected.
)
(D:\Appliacation\Utility\CTEX\MiKTeX\tex\generic\oberdiek\pdftexcmds.sty
Package: pdftexcmds 2010/04/01 v0.9 Utility functions of pdfTeX for LuaTeX (HO)


(D:\Appliacation\Utility\CTEX\MiKTeX\tex\generic\oberdiek\infwarerr.sty
Package: infwarerr 2010/04/08 v1.3 Providing info/warning/message (HO)
)
(D:\Appliacation\Utility\CTEX\MiKTeX\tex\generic\oberdiek\ifluatex.sty
Package: ifluatex 2010/03/01 v1.3 Provides the ifluatex switch (HO)
Package ifluatex Info: LuaTeX not detected.
)
Package pdftexcmds Info: LuaTeX not detected.
Package pdftexcmds Info: \pdf@primitive is available.
Package pdftexcmds Info: \pdf@ifprimitive is available.
)
(D:\Appliacation\Utility\CTEX\MiKTeX\tex\generic\oberdiek\kvsetkeys.sty
Package: kvsetkeys 2010/03/01 v1.9 Key value parser (HO)

(D:\Appliacation\Utility\CTEX\MiKTeX\tex\generic\oberdiek\etexcmds.sty
Package: etexcmds 2010/01/28 v1.3 Prefix for e-TeX command names (HO)
Package etexcmds Info: Could not find \expanded.
(etexcmds)             That can mean that you are not using pdfTeX 1.50 or
(etexcmds)             that some package has redefined \expanded.
(etexcmds)             In the latter case, load this package earlier.
))
(D:\Appliacation\Utility\CTEX\MiKTeX\tex\generic\oberdiek\pdfescape.sty
Package: pdfescape 2010/03/01 v1.9 Provides hex, PDF name and string conversion
s (HO)
)
(D:\Appliacation\Utility\CTEX\MiKTeX\tex\generic\oberdiek\ifvtex.sty
Package: ifvtex 2010/03/01 v1.5 Switches for detecting VTeX and its modes (HO)
Package ifvtex Info: VTeX not detected.
)
(D:\Appliacation\Utility\CTEX\MiKTeX\tex\generic\ifxetex\ifxetex.sty
Package: ifxetex 2010/09/12 v0.6 Provides ifxetex conditional
)
(D:\Appliacation\Utility\CTEX\MiKTeX\tex\latex\oberdiek\hycolor.sty
Package: hycolor 2009/12/12 v1.6 Color options of hyperref/bookmark (HO)

(D:\Appliacation\Utility\CTEX\MiKTeX\tex\latex\oberdiek\xcolor-patch.sty
Package: xcolor-patch 2009/12/12 xcolor patch
))
(D:\Appliacation\Utility\CTEX\MiKTeX\tex\latex\oberdiek\letltxmacro.sty
Package: letltxmacro 2008/06/24 v1.3 Let assignment for LaTeX macros (HO)
)
(D:\Appliacation\Utility\CTEX\MiKTeX\tex\latex\oberdiek\kvoptions.sty
Package: kvoptions 2010/02/22 v3.7 Keyval support for LaTeX options (HO)
)
\@linkdim=\dimen148
\Hy@linkcounter=\count125
\Hy@pagecounter=\count126

(D:\Appliacation\Utility\CTEX\MiKTeX\tex\latex\hyperref\pd1enc.def
File: pd1enc.def 2010/11/26 v6.81v Hyperref: PDFDocEncoding definition (HO)
)
(D:\Appliacation\Utility\CTEX\MiKTeX\tex\generic\oberdiek\intcalc.sty
Package: intcalc 2007/09/27 v1.1 Expandable integer calculations (HO)
)
\Hy@SavedSpaceFactor=\count127

(D:\Appliacation\Utility\CTEX\MiKTeX\tex\latex\00miktex\hyperref.cfg
File: hyperref.cfg 2002/06/06 v1.2 hyperref configuration of TeXLive
)
Package hyperref Info: Hyper figures OFF on input line 3993.
Package hyperref Info: Link nesting OFF on input line 3998.
Package hyperref Info: Hyper index ON on input line 4001.
Package hyperref Info: Plain pages OFF on input line 4008.
Package hyperref Info: Backreferencing OFF on input line 4013.
Package hyperref Info: Implicit mode ON; LaTeX internals redefined.
Package hyperref Info: Bookmarks ON on input line 4228.
\c@Hy@tempcnt=\count128
LaTeX Info: Redefining \url on input line 4583.

(D:\Appliacation\Utility\CTEX\MiKTeX\tex\generic\oberdiek\bitset.sty
Package: bitset 2007/09/28 v1.0 Data type bit set (HO)

(D:\Appliacation\Utility\CTEX\MiKTeX\tex\generic\oberdiek\bigintcalc.sty
Package: bigintcalc 2007/11/11 v1.1 Expandable big integer calculations (HO)
))
\Fld@menulength=\count129
\Field@Width=\dimen149
\Fld@charsize=\dimen150
Package hyperref Info: Hyper figures OFF on input line 5667.
Package hyperref Info: Link nesting OFF on input line 5672.
Package hyperref Info: Hyper index ON on input line 5675.
Package hyperref Info: backreferencing OFF on input line 5682.
Package hyperref Info: Link coloring OFF on input line 5687.
Package hyperref Info: Link coloring with OCG OFF on input line 5692.
Package hyperref Info: PDF/A mode OFF on input line 5697.
LaTeX Info: Redefining \ref on input line 5737.
LaTeX Info: Redefining \pageref on input line 5741.

(D:\Appliacation\Utility\CTEX\MiKTeX\tex\generic\oberdiek\atbegshi.sty
Package: atbegshi 2010/03/25 v1.12 At begin shipout hook (HO)
)
\Hy@abspage=\count130
\c@Item=\count131
\c@Hfootnote=\count132
)

Package hyperref Message: Driver: hpdftex.

(D:\Appliacation\Utility\CTEX\MiKTeX\tex\latex\hyperref\hpdftex.def
File: hpdftex.def 2010/11/26 v6.81v Hyperref driver for pdfTeX

(D:\Appliacation\Utility\CTEX\MiKTeX\tex\latex\oberdiek\atveryend.sty
Package: atveryend 2010/03/24 v1.5 Hooks at very end of document (HO)
Package atveryend Info: \enddocument detected (standard).
)
\Fld@listcount=\count133
\c@bookmark@seq@number=\count134

(D:\Appliacation\Utility\CTEX\MiKTeX\tex\latex\oberdiek\rerunfilecheck.sty
Package: rerunfilecheck 2010/03/16 v1.6 Rerun checks for auxiliary files (HO)

(D:\Appliacation\Utility\CTEX\MiKTeX\tex\generic\oberdiek\uniquecounter.sty
Package: uniquecounter 2009/12/18 v1.1 Provides unlimited unique counter (HO)
)
Package uniquecounter Info: New unique counter `rerunfilecheck' on input line 2
71.
)
\Hy@SectionHShift=\skip54
)
Package hyperref Info: Option `bookmarksnumbered' set `true' on input line 64.
Package hyperref Info: Option `colorlinks' set `true' on input line 64.
Package hyperref Info: Option `breaklinks' set `true' on input line 64.

("D:\machine learning\thesis\mining_frequent_adl_patterns\sample.aux")
LaTeX Font Info:    Checking defaults for OML/cmm/m/it on input line 71.
LaTeX Font Info:    ... okay on input line 71.
LaTeX Font Info:    Checking defaults for T1/cmr/m/n on input line 71.
LaTeX Font Info:    ... okay on input line 71.
LaTeX Font Info:    Checking defaults for OT1/cmr/m/n on input line 71.
LaTeX Font Info:    ... okay on input line 71.
LaTeX Font Info:    Checking defaults for OMS/cmsy/m/n on input line 71.
LaTeX Font Info:    ... okay on input line 71.
LaTeX Font Info:    Checking defaults for OMX/cmex/m/n on input line 71.
LaTeX Font Info:    ... okay on input line 71.
LaTeX Font Info:    Checking defaults for U/cmr/m/n on input line 71.
LaTeX Font Info:    ... okay on input line 71.
LaTeX Font Info:    Checking defaults for PD1/pdf/m/n on input line 71.
LaTeX Font Info:    ... okay on input line 71.
LaTeX Font Info:    Try loading font information for OT1+ptm on input line 71.

(D:\Appliacation\Utility\CTEX\MiKTeX\tex\latex\psnfss\ot1ptm.fd
File: ot1ptm.fd 2001/06/04 font definitions for OT1/ptm.
)
(D:\Appliacation\Utility\CTEX\UserData\tex\context\base\supp-pdf.mkii
[Loading MPS to PDF converter (version 2006.09.02).]
\scratchcounter=\count135
\scratchdimen=\dimen151
\scratchbox=\box55
\nofMPsegments=\count136
\nofMParguments=\count137
\everyMPshowfont=\toks38
\MPscratchCnt=\count138
\MPscratchDim=\dimen152
\MPnumerator=\count139
\makeMPintoPDFobject=\count140
\everyMPtoPDFconversion=\toks39
)
\AtBeginShipoutBox=\box56
 (D:\Appliacation\Utility\CTEX\MiKTeX\tex\latex\graphics\color.sty
Package: color 2005/11/14 v1.0j Standard LaTeX Color (DPC)

(D:\Appliacation\Utility\CTEX\MiKTeX\tex\latex\00miktex\color.cfg
File: color.cfg 2007/01/18 v1.5 color configuration of teTeX/TeXLive
)
Package color Info: Driver file: pdftex.def on input line 130.
)
Package hyperref Info: Link coloring ON on input line 71.

(D:\Appliacation\Utility\CTEX\MiKTeX\tex\latex\hyperref\nameref.sty
Package: nameref 2010/04/30 v2.40 Cross-referencing by name of section

(D:\Appliacation\Utility\CTEX\MiKTeX\tex\latex\oberdiek\refcount.sty
Package: refcount 2008/08/11 v3.1 Data extraction from references (HO)
)
(D:\Appliacation\Utility\CTEX\MiKTeX\tex\generic\oberdiek\gettitlestring.sty
Package: gettitlestring 2009/12/18 v1.3 Cleanup title references (HO)
)
\c@section@level=\count141
)
LaTeX Info: Redefining \ref on input line 71.
LaTeX Info: Redefining \pageref on input line 71.
LaTeX Info: Redefining \nameref on input line 71.

("D:\machine learning\thesis\mining_frequent_adl_patterns\sample.out")
("D:\machine learning\thesis\mining_frequent_adl_patterns\sample.out")
\@outlinefile=\write3
LaTeX Font Info:    Try loading font information for U+msa on input line 96.

(D:\Appliacation\Utility\CTEX\MiKTeX\tex\latex\amsfonts\umsa.fd
File: umsa.fd 2009/06/22 v3.00 AMS symbols A
)
LaTeX Font Info:    Try loading font information for U+msb on input line 96.

(D:\Appliacation\Utility\CTEX\MiKTeX\tex\latex\amsfonts\umsb.fd
File: umsb.fd 2009/06/22 v3.00 AMS symbols B
)
LaTeX Font Info:    Try loading font information for U+lasy on input line 96.

(D:\Appliacation\Utility\CTEX\MiKTeX\tex\latex\base\ulasy.fd
File: ulasy.fd 1998/08/17 v2.2e LaTeX symbol font definitions
)

LaTeX Warning: No \author given.


Underfull \hbox (badness 10000) in paragraph at lines 96--96

 []


Underfull \vbox (badness 2662) has occurred while \output is active []

 [1{D:/Appliacation/Utility/CTEX/UserData/pdftex/config/pdftex.map{Unicode.sfd}
{UGBK.sfd}}


Non-PDF special ignored!

]
LaTeX Font Info:    Font shape `OT1/ptm/bx/n' in size <10> not available
(Font)              Font shape `OT1/ptm/b/n' tried instead on input line 169.

<MotionDiscoveryFlowChart.jpg, id=126, 585.68813pt x 546.54187pt>
File: MotionDiscoveryFlowChart.jpg Graphic file (type jpg)

<use MotionDiscoveryFlowChart.jpg>
LaTeX Font Info:    Font shape `OT1/ptm/bx/n' in size <8> not available
(Font)              Font shape `OT1/ptm/b/n' tried instead on input line 206.
 [2 <D:/machine learning/thesis/mining_frequent_adl_patterns/MotionDiscoveryFlo
wChart.jpg>]
<tm-having-dinner.jpg, id=143, 230.8625pt x 217.31187pt>
File: tm-having-dinner.jpg Graphic file (type jpg)

<use tm-having-dinner.jpg>
<tm-queue-in-line.jpg, id=144, 240.9pt x 219.82124pt>
File: tm-queue-in-line.jpg Graphic file (type jpg)

<use tm-queue-in-line.jpg> <tm-noise.jpg, id=145, 240.39813pt x 222.8325pt>
File: tm-noise.jpg Graphic file (type jpg)

<use tm-noise.jpg> [3 <D:/machine learning/thesis/mining_frequent_adl_patterns/
tm-having-dinner.jpg> <D:/machine learning/thesis/mining_frequent_adl_patterns/
tm-queue-in-line.jpg> <D:/machine learning/thesis/mining_frequent_adl_patterns/
tm-noise.jpg>]
Underfull \hbox (badness 1895) in paragraph at lines 294--299
[]\OT1/ptm/m/n/10 Figure [][]3[][] shows the re-sult of L-DA mod-el on motion-
 []

<seg1_tagged.jpg, id=166, 630.85687pt x 220.825pt>
File: seg1_tagged.jpg Graphic file (type jpg)
 <use seg1_tagged.jpg>
<seg2_tagged.jpg, id=167, 622.325pt x 208.78pt>
File: seg2_tagged.jpg Graphic file (type jpg)
 <use seg2_tagged.jpg>
Overfull \hbox (6.73315pt too wide) in paragraph at lines 304--309
 [][] 
 []


Overfull \hbox (6.7336pt too wide) in paragraph at lines 304--309
 [][] 
 []


Underfull \vbox (badness 10000) has occurred while \output is active []


<segmentation_day1.jpg, id=170, 562.60187pt x 93.34875pt>
File: segmentation_day1.jpg Graphic file (type jpg)

<use segmentation_day1.jpg>
Overfull \hbox (1.73468pt too wide) in paragraph at lines 339--340
 [][] 
 []

[4 <D:/machine learning/thesis/mining_frequent_adl_patterns/seg1_tagged.jpg> <D
:/machine learning/thesis/mining_frequent_adl_patterns/seg2_tagged.jpg> <D:/mac
hine learning/thesis/mining_frequent_adl_patterns/segmentation_day1.jpg>]
Underfull \hbox (badness 10000) in paragraph at lines 368--370
[]\OT1/ptm/m/n/10 Difference of top-ic dis-tri-bu-tion be-tween
 []


Underfull \hbox (badness 10000) in paragraph at lines 368--370
\OT1/ptm/m/n/10 seg-men-t $\OML/cmm/m/it/10 S[]\OT1/cmr/m/n/10 (\OML/cmm/m/it/1
0 d[]; d[]; [] ; d[]\OT1/cmr/m/n/10 )$ \OT1/ptm/m/n/10 and
 []


Underfull \hbox (badness 10000) in paragraph at lines 368--370
\OML/cmm/m/it/10 S[]\OT1/cmr/m/n/10 (\OML/cmm/m/it/10 d[]; d[]; [] ; d[]\OT1/cm
r/m/n/10 )$ \OT1/ptm/m/n/10 mea-sures the d-if-fer-ence
 []


Underfull \hbox (badness 10000) in paragraph at lines 380--382
[]\OT1/ptm/b/n/10 long sim-i-lar seg-men-t $\OML/cmm/m/it/10 S$ \OT1/ptm/m/n/10
 ($\OML/cmm/m/it/10 Diff\OT1/cmr/m/n/10 (\OML/cmm/m/it/10 S; S[]\OT1/cmr/m/n/10
 ) \OML/cmm/m/it/10 <
 []


Underfull \hbox (badness 2050) in paragraph at lines 380--382
\OML/cmm/m/it/10 threshold$\OT1/ptm/m/n/10 ): The sam-ple $\OML/cmm/m/it/10 S$ 
\OT1/ptm/m/n/10 is hard to tel-l whether
 []


Underfull \hbox (badness 10000) in paragraph at lines 383--385
[]\OT1/ptm/b/n/10 long d-if-fer-en-t seg-men-t $\OML/cmm/m/it/10 S$ \OT1/ptm/m/
n/10 ($\OML/cmm/m/it/10 Diff\OT1/cmr/m/n/10 (\OML/cmm/m/it/10 S; S[]\OT1/cmr/m/
n/10 ) \OML/cmm/m/it/10 >
 []


<day1-desk-lyingcomputer-discussing-dot-legend.jpg, id=186, 600.2425pt x 148.55
5pt>
File: day1-desk-lyingcomputer-discussing-dot-legend.jpg Graphic file (type jpg)

 <use day1-desk-lyingcomputer-discussing-dot-legend.jpg>
Overfull \hbox (1.73396pt too wide) in paragraph at lines 410--411
 [][] 
 []

[5 <D:/machine learning/thesis/mining_frequent_adl_patterns/day1-desk-lyingcomp
uter-discussing-dot-legend.jpg>]
Underfull \hbox (badness 1072) in paragraph at lines 490--491
[]\OT1/ptm/m/n/10 10 dis-tinc-t ac-tiv-i-ty pat-tern-s (Ta-ble [][]1[][]) are d
is-cov-ered in
 []


Underfull \hbox (badness 4144) in paragraph at lines 490--491
\OT1/ptm/m/n/10 sev-en days in U-bi-com-p08 dataset, in-clud-ing ``sitting-
 []


Overfull \hbox (20.03558pt too wide) in paragraph at lines 545--586
 [][] 
 []

[6] [7] ("D:\machine learning\thesis\mining_frequent_adl_patterns\sample.bbl")
Package atveryend Info: Empty hook `BeforeClearDocument' on input line 681.

[8]
Package atveryend Info: Empty hook `AfterLastShipout' on input line 681.
 ("D:\machine learning\thesis\mining_frequent_adl_patterns\sample.aux")
Package atveryend Info: Executing hook `AtVeryEndDocument' on input line 681.
Package rerunfilecheck Info: File `sample.out' has not changed.
(rerunfilecheck)             Checksum: FD9408814B0833D042CA303DEB327FB2;1457.
 ) 
Here is how much of TeX's memory you used:
 6302 strings out of 495362
 92556 string characters out of 3182848
 195187 words of memory out of 3000000
 9249 multiletter control sequences out of 15000+200000
 27895 words of font info for 55 fonts, out of 3000000 for 9000
 14 hyphenation exceptions out of 8191
 39i,15n,30p,440b,373s stack positions out of 5000i,500n,10000p,200000b,50000s
pdfTeX warning (dest): name{section*.24} has been referenced but does not exi
st, replaced by a fixed one

pdfTeX warning (dest): name{section*.23} has been referenced but does not exist
, replaced by a fixed one

pdfTeX warning (dest): name{section*.15} has been referenced but does not exist
, replaced by a fixed one

pdfTeX warning (dest): name{section*.12} has been referenced but does not exist
, replaced by a fixed one

pdfTeX warning (dest): name{section*.8} has been referenced but does not exist,
 replaced by a fixed one

pdfTeX warning (dest): name{section*.5} has been referenced but does not exist,
 replaced by a fixed one

pdfTeX warning (dest): name{section*.4} has been referenced but does not exist,
 replaced by a fixed one

pdfTeX warning (dest): name{section*.3} has been referenced but does not exist,
 replaced by a fixed one

{D:/Appliacation/Utility/CTEX/MiKTeX/fonts/enc/dvips/fontname/8r.enc}<D:/Applia
cation/Utility/CTEX/MiKTeX/fonts/type1/public/amsfonts/cm/cmex10.pfb><D:/Applia
cation/Utility/CTEX/MiKTeX/fonts/type1/public/amsfonts/cm/cmmi10.pfb><D:/Applia
cation/Utility/CTEX/MiKTeX/fonts/type1/public/amsfonts/cm/cmmi5.pfb><D:/Appliac
ation/Utility/CTEX/MiKTeX/fonts/type1/public/amsfonts/cm/cmmi7.pfb><D:/Appliaca
tion/Utility/CTEX/MiKTeX/fonts/type1/public/amsfonts/cm/cmr10.pfb><D:/Appliacat
ion/Utility/CTEX/MiKTeX/fonts/type1/public/amsfonts/cm/cmr5.pfb><D:/Appliacatio
n/Utility/CTEX/MiKTeX/fonts/type1/public/amsfonts/cm/cmr7.pfb><D:/Appliacation/
Utility/CTEX/MiKTeX/fonts/type1/public/amsfonts/cm/cmsy10.pfb><D:/Appliacation/
Utility/CTEX/MiKTeX/fonts/type1/public/amsfonts/cm/cmsy7.pfb><D:/Appliacation/U
tility/CTEX/MiKTeX/fonts/type1/urw/helvetic/uhvb8a.pfb><D:/Appliacation/Utility
/CTEX/MiKTeX/fonts/type1/urw/helvetic/uhvro8a.pfb><D:/Appliacation/Utility/CTEX
/MiKTeX/fonts/type1/urw/times/utmb8a.pfb><D:/Appliacation/Utility/CTEX/MiKTeX/f
onts/type1/urw/times/utmr8a.pfb><D:/Appliacation/Utility/CTEX/MiKTeX/fonts/type
1/urw/times/utmri8a.pfb>
Output written on sample.pdf (8 pages, 981562 bytes).
PDF statistics:
 288 PDF objects out of 1000 (max. 8388607)
 74 named destinations out of 1000 (max. 500000)
 217 words of extra memory for PDF output out of 10000 (max. 10000000)

